[    32.145] (--) Log file renamed from "/home/lukhanyo/.local/share/xorg/Xorg.pid-970.log" to "/home/lukhanyo/.local/share/xorg/Xorg.0.log"
[    32.200] 
X.Org X Server 1.20.5
X Protocol Version 11, Revision 0
[    32.200] Build Operating System: Linux 4.4.0-170-generic x86_64 Ubuntu
[    32.200] Current Operating System: Linux lukhanyo-VirtualBox 5.3.0-40-generic #32~18.04.1-Ubuntu SMP Mon Feb 3 14:05:59 UTC 2020 x86_64
[    32.200] Kernel command line: BOOT_IMAGE=/boot/vmlinuz-5.3.0-40-generic root=UUID=857ac413-4d46-4122-b89d-41f2acd505f3 ro quiet splash
[    32.200] Build Date: 18 December 2019  08:15:29AM
[    32.200] xorg-server-hwe-18.04 2:1.20.5+git20191008-0ubuntu1~18.04.1 (For technical support please see http://www.ubuntu.com/support) 
[    32.200] Current version of pixman: 0.34.0
[    32.200] 	Before reporting problems, check http://wiki.x.org
	to make sure that you have the latest version.
[    32.200] Markers: (--) probed, (**) from config file, (==) default setting,
	(++) from command line, (!!) notice, (II) informational,
	(WW) warning, (EE) error, (NI) not implemented, (??) unknown.
[    32.200] (==) Log file: "/home/lukhanyo/.local/share/xorg/Xorg.0.log", Time: Tue Feb 25 11:06:30 2020
[    32.261] (==) Using system config directory "/usr/share/X11/xorg.conf.d"
[    32.428] (==) No Layout section.  Using the first Screen section.
[    32.429] (==) No screen section available. Using defaults.
[    32.429] (**) |-->Screen "Default Screen Section" (0)
[    32.429] (**) |   |-->Monitor "<default monitor>"
[    32.473] (==) No monitor specified for screen "Default Screen Section".
	Using a default monitor configuration.
[    32.473] (==) Automatically adding devices
[    32.473] (==) Automatically enabling devices
[    32.474] (==) Automatically adding GPU devices
[    32.474] (==) Automatically binding GPU devices
[    32.474] (==) Max clients allowed: 256, resource mask: 0x1fffff
[    32.496] (WW) The directory "/usr/share/fonts/X11/cyrillic" does not exist.
[    32.496] 	Entry deleted from font path.
[    32.496] (WW) The directory "/usr/share/fonts/X11/100dpi/" does not exist.
[    32.496] 	Entry deleted from font path.
[    32.496] (WW) The directory "/usr/share/fonts/X11/75dpi/" does not exist.
[    32.496] 	Entry deleted from font path.
[    32.499] (WW) The directory "/usr/share/fonts/X11/100dpi" does not exist.
[    32.499] 	Entry deleted from font path.
[    32.499] (WW) The directory "/usr/share/fonts/X11/75dpi" does not exist.
[    32.499] 	Entry deleted from font path.
[    32.499] (==) FontPath set to:
	/usr/share/fonts/X11/misc,
	/usr/share/fonts/X11/Type1,
	built-ins
[    32.499] (==) ModulePath set to "/usr/lib/xorg/modules"
[    32.499] (II) The server relies on udev to provide the list of input devices.
	If no devices become available, reconfigure udev or disable AutoAddDevices.
[    32.499] (II) Loader magic: 0x563d9b6a7020
[    32.499] (II) Module ABI versions:
[    32.499] 	X.Org ANSI C Emulation: 0.4
[    32.499] 	X.Org Video Driver: 24.0
[    32.499] 	X.Org XInput driver : 24.1
[    32.499] 	X.Org Server Extension : 10.0
[    32.500] (++) using VT number 1

[    32.502] (II) systemd-logind: took control of session /org/freedesktop/login1/session/_31
[    32.503] (II) xfree86: Adding drm device (/dev/dri/card0)
[    32.503] (II) systemd-logind: got fd for /dev/dri/card0 226:0 fd 12 paused 0
[    32.505] (--) PCI:*(0@0:2:0) 15ad:0405:15ad:0405 rev 0, Mem @ 0xf0000000/134217728, 0xf8000000/2097152, I/O @ 0x0000d010/16, BIOS @ 0x????????/131072
[    32.505] (II) LoadModule: "glx"
[    32.516] (II) Loading /usr/lib/xorg/modules/extensions/libglx.so
[    32.740] (II) Module glx: vendor="X.Org Foundation"
[    32.740] 	compiled for 1.20.5, module version = 1.0.0
[    32.740] 	ABI class: X.Org Server Extension, version 10.0
[    32.740] (==) Matched vmware as autoconfigured driver 0
[    32.740] (==) Matched modesetting as autoconfigured driver 1
[    32.740] (==) Matched fbdev as autoconfigured driver 2
[    32.740] (==) Matched vesa as autoconfigured driver 3
[    32.740] (==) Assigned the driver to the xf86ConfigLayout
[    32.740] (II) LoadModule: "vmware"
[    32.800] (II) Loading /usr/lib/xorg/modules/drivers/vmware_drv.so
[    34.659] (II) Module vmware: vendor="X.Org Foundation"
[    34.659] 	compiled for 1.20.1, module version = 13.3.0
[    34.659] 	Module class: X.Org Video Driver
[    34.659] 	ABI class: X.Org Video Driver, version 24.0
[    34.659] (II) LoadModule: "modesetting"
[    34.659] (II) Loading /usr/lib/xorg/modules/drivers/modesetting_drv.so
[    34.709] (II) Module modesetting: vendor="X.Org Foundation"
[    34.709] 	compiled for 1.20.5, module version = 1.20.5
[    34.709] 	Module class: X.Org Video Driver
[    34.709] 	ABI class: X.Org Video Driver, version 24.0
[    34.709] (II) LoadModule: "fbdev"
[    34.710] (II) Loading /usr/lib/xorg/modules/drivers/fbdev_drv.so
[    34.856] (II) Module fbdev: vendor="X.Org Foundation"
[    34.856] 	compiled for 1.20.1, module version = 0.5.0
[    34.856] 	Module class: X.Org Video Driver
[    34.856] 	ABI class: X.Org Video Driver, version 24.0
[    34.856] (II) LoadModule: "vesa"
[    34.856] (II) Loading /usr/lib/xorg/modules/drivers/vesa_drv.so
[    34.865] (II) Module vesa: vendor="X.Org Foundation"
[    34.865] 	compiled for 1.20.1, module version = 2.4.0
[    34.865] 	Module class: X.Org Video Driver
[    34.865] 	ABI class: X.Org Video Driver, version 24.0
[    34.865] (II) vmware: driver for VMware SVGA: vmware0405, vmware0710
[    34.865] (II) modesetting: Driver for Modesetting Kernel Drivers: kms
[    34.866] (II) FBDEV: driver for framebuffer: fbdev
[    34.866] (II) VESA: driver for VESA chipsets: vesa
[    34.866] xf86EnableIOPorts: failed to set IOPL for I/O (Operation not permitted)
[    34.866] (WW) Falling back to old probe method for modesetting
[    34.866] (WW) Falling back to old probe method for fbdev
[    34.866] (II) Loading sub module "fbdevhw"
[    34.866] (II) LoadModule: "fbdevhw"
[    34.866] (II) Loading /usr/lib/xorg/modules/libfbdevhw.so
[    34.885] (II) Module fbdevhw: vendor="X.Org Foundation"
[    34.885] 	compiled for 1.20.5, module version = 0.0.2
[    34.885] 	ABI class: X.Org Video Driver, version 24.0
[    34.885] (EE) open /dev/fb0: Permission denied
[    34.885] (WW) VGA arbiter: cannot open kernel arbiter, no multi-card support
[    34.885] (II) vmware(0): Creating default Display subsection in Screen section
	"Default Screen Section" for depth/fbbpp 24/32
[    34.885] (--) vmware(0): DRM driver version is 2.15.0
[    34.885] (==) vmware(0): Depth 24, (--) framebuffer bpp 32
[    34.885] (==) vmware(0): RGB weight 888
[    34.885] (==) vmware(0): Default visual is TrueColor
[    34.885] (--) vmware(0): Min width 1, Max Width 8192.
[    34.885] (--) vmware(0): Min height 1, Max Height 8192.
[    34.885] (II) vmware(0): Output Virtual1 has no monitor section
[    34.885] (II) vmware(0): Output Virtual2 has no monitor section
[    34.885] (II) vmware(0): Output Virtual3 has no monitor section
[    34.885] (II) vmware(0): Output Virtual4 has no monitor section
[    34.885] (II) vmware(0): Output Virtual5 has no monitor section
[    34.885] (II) vmware(0): Output Virtual6 has no monitor section
[    34.885] (II) vmware(0): Output Virtual7 has no monitor section
[    34.885] (II) vmware(0): Output Virtual8 has no monitor section
[    34.885] (II) vmware(0): Printing probed modes for output Virtual1
[    34.885] (II) vmware(0): Modeline "800x600"x60.0   42.75  800 850 900 950  600 650 700 750 -hsync +vsync (45.0 kHz eP)
[    34.885] (II) vmware(0): Modeline "2560x1600"x60.0  348.50  2560 2752 3032 3504  1600 1603 1609 1658 -hsync +vsync (99.5 kHz e)
[    34.885] (II) vmware(0): Modeline "1920x1440"x60.0  234.00  1920 2048 2256 2600  1440 1441 1444 1500 -hsync +vsync (90.0 kHz e)
[    34.885] (II) vmware(0): Modeline "1856x1392"x60.0  218.25  1856 1952 2176 2528  1392 1393 1396 1439 -hsync +vsync (86.3 kHz e)
[    34.885] (II) vmware(0): Modeline "1792x1344"x60.0  204.75  1792 1920 2120 2448  1344 1345 1348 1394 -hsync +vsync (83.6 kHz e)
[    34.885] (II) vmware(0): Modeline "1920x1200"x59.9  193.25  1920 2056 2256 2592  1200 1203 1209 1245 -hsync +vsync (74.6 kHz e)
[    34.885] (II) vmware(0): Modeline "1600x1200"x60.0  162.00  1600 1664 1856 2160  1200 1201 1204 1250 +hsync +vsync (75.0 kHz e)
[    34.885] (II) vmware(0): Modeline "1680x1050"x60.0  146.25  1680 1784 1960 2240  1050 1053 1059 1089 -hsync +vsync (65.3 kHz e)
[    34.885] (II) vmware(0): Modeline "1400x1050"x60.0  121.75  1400 1488 1632 1864  1050 1053 1057 1089 -hsync +vsync (65.3 kHz e)
[    34.885] (II) vmware(0): Modeline "1280x1024"x60.0  108.00  1280 1328 1440 1688  1024 1025 1028 1066 +hsync +vsync (64.0 kHz e)
[    34.885] (II) vmware(0): Modeline "1440x900"x59.9  106.50  1440 1520 1672 1904  900 903 909 934 -hsync +vsync (55.9 kHz e)
[    34.885] (II) vmware(0): Modeline "1280x960"x60.0  108.00  1280 1376 1488 1800  960 961 964 1000 +hsync +vsync (60.0 kHz e)
[    34.885] (II) vmware(0): Modeline "1360x768"x60.0   85.50  1360 1424 1536 1792  768 771 777 795 +hsync +vsync (47.7 kHz e)
[    34.885] (II) vmware(0): Modeline "1280x800"x59.8   83.50  1280 1352 1480 1680  800 803 809 831 +hsync -vsync (49.7 kHz e)
[    34.885] (II) vmware(0): Modeline "1152x864"x75.0  108.00  1152 1216 1344 1600  864 865 868 900 +hsync +vsync (67.5 kHz e)
[    34.885] (II) vmware(0): Modeline "1280x768"x59.9   79.50  1280 1344 1472 1664  768 771 778 798 -hsync +vsync (47.8 kHz e)
[    34.885] (II) vmware(0): Modeline "1024x768"x60.0   65.00  1024 1048 1184 1344  768 771 777 806 -hsync -vsync (48.4 kHz e)
[    34.885] (II) vmware(0): Modeline "800x600"x60.3   40.00  800 840 968 1056  600 601 605 628 +hsync +vsync (37.9 kHz e)
[    34.885] (II) vmware(0): Modeline "640x480"x59.9   25.18  640 656 752 800  480 489 492 525 -hsync -vsync (31.5 kHz e)
[    34.885] (II) vmware(0): EDID for output Virtual2
[    34.885] (II) vmware(0): EDID for output Virtual3
[    34.885] (II) vmware(0): EDID for output Virtual4
[    34.885] (II) vmware(0): EDID for output Virtual5
[    34.886] (II) vmware(0): EDID for output Virtual6
[    34.886] (II) vmware(0): EDID for output Virtual7
[    34.886] (II) vmware(0): EDID for output Virtual8
[    34.886] (II) vmware(0): Output Virtual1 connected
[    34.886] (II) vmware(0): Output Virtual2 disconnected
[    34.886] (II) vmware(0): Output Virtual3 disconnected
[    34.886] (II) vmware(0): Output Virtual4 disconnected
[    34.886] (II) vmware(0): Output Virtual5 disconnected
[    34.886] (II) vmware(0): Output Virtual6 disconnected
[    34.886] (II) vmware(0): Output Virtual7 disconnected
[    34.886] (II) vmware(0): Output Virtual8 disconnected
[    34.886] (II) vmware(0): Using exact sizes for initial modes
[    34.886] (II) vmware(0): Output Virtual1 using initial mode 800x600 +0+0
[    34.886] (==) vmware(0): DPI set to (96, 96)
[    34.886] (==) vmware(0): Using gamma correction (1.0, 1.0, 1.0)
[    34.886] (II) Loading sub module "fb"
[    34.886] (II) LoadModule: "fb"
[    34.886] (II) Loading /usr/lib/xorg/modules/libfb.so
[    34.923] (II) Module fb: vendor="X.Org Foundation"
[    34.923] 	compiled for 1.20.5, module version = 1.0.0
[    34.923] 	ABI class: X.Org ANSI C Emulation, version 0.4
[    34.923] (II) Loading sub module "dri2"
[    34.923] (II) LoadModule: "dri2"
[    34.923] (II) Module "dri2" already built-in
[    34.923] (II) Loading sub module "dri3"
[    34.923] (II) LoadModule: "dri3"
[    34.923] (II) Module "dri3" already built-in
[    34.923] (II) UnloadModule: "modesetting"
[    34.923] (II) Unloading modesetting
[    34.923] (II) UnloadModule: "fbdev"
[    34.923] (II) Unloading fbdev
[    34.923] (II) UnloadSubModule: "fbdevhw"
[    34.923] (II) Unloading fbdevhw
[    34.923] (II) UnloadModule: "vesa"
[    34.923] (II) Unloading vesa
[    34.961] (II) vmware(0): Initialized VMWARE_CTRL extension version 0.2
[    35.905] (II) vmware(0): Gallium3D XA version: 2.5.0.
[    35.905] (II) vmware(0): Path of drm device is "/dev/dri/card0".
[    35.905] (II) vmware(0): [DRI2] Setup complete
[    35.905] (II) vmware(0): [DRI2]   DRI driver: vmwgfx
[    36.068] (--) vmware(0): Render acceleration is enabled.
[    36.068] (==) vmware(0): Rendercheck mode is disabled.
[    36.068] (--) vmware(0): Direct rendering (DRI2 3D) is enabled.
[    36.068] (--) vmware(0): Direct rendering (DRI3 3D) is enabled.
[    36.068] (==) vmware(0): Direct presents are disabled.
[    36.068] (==) vmware(0): Hardware only presents are disabled.
[    36.068] (==) vmware(0): Backing store enabled
[    36.068] (==) vmware(0): Silken mouse enabled
[    36.071] (==) vmware(0): DPMS enabled
[    36.071] (II) Initializing extension Generic Event Extension
[    36.071] (II) Initializing extension SHAPE
[    36.071] (II) Initializing extension MIT-SHM
[    36.071] (II) Initializing extension XInputExtension
[    36.072] (II) Initializing extension XTEST
[    36.072] (II) Initializing extension BIG-REQUESTS
[    36.072] (II) Initializing extension SYNC
[    36.072] (II) Initializing extension XKEYBOARD
[    36.073] (II) Initializing extension XC-MISC
[    36.073] (II) Initializing extension SECURITY
[    36.073] (II) Initializing extension XFIXES
[    36.073] (II) Initializing extension RENDER
[    36.073] (II) Initializing extension RANDR
[    36.074] (II) Initializing extension COMPOSITE
[    36.074] (II) Initializing extension DAMAGE
[    36.075] (II) Initializing extension MIT-SCREEN-SAVER
[    36.075] (II) Initializing extension DOUBLE-BUFFER
[    36.075] (II) Initializing extension RECORD
[    36.075] (II) Initializing extension DPMS
[    36.075] (II) Initializing extension Present
[    36.076] (II) Initializing extension DRI3
[    36.076] (II) Initializing extension X-Resource
[    36.076] (II) Initializing extension XVideo
[    36.076] (II) Initializing extension XVideo-MotionCompensation
[    36.076] (II) Initializing extension SELinux
[    36.076] (II) SELinux: Disabled on system
[    36.076] (II) Initializing extension GLX
[    36.812] (II) AIGLX: Loaded and initialized vmwgfx
[    36.812] (II) GLX: Initialized DRI2 GL provider for screen 0
[    36.812] (II) Initializing extension XFree86-VidModeExtension
[    36.812] (II) Initializing extension XFree86-DGA
[    36.812] (II) Initializing extension XFree86-DRI
[    36.812] (II) Initializing extension DRI2
[    36.815] (II) vmware(0): Setting screen physical size to 211 x 158
[    37.109] (II) config/udev: Adding input device Power Button (/dev/input/event0)
[    37.109] (**) Power Button: Applying InputClass "libinput keyboard catchall"
[    37.109] (II) LoadModule: "libinput"
[    37.109] (II) Loading /usr/lib/xorg/modules/input/libinput_drv.so
[    37.170] (II) Module libinput: vendor="X.Org Foundation"
[    37.170] 	compiled for 1.20.1, module version = 0.28.1
[    37.171] 	Module class: X.Org XInput Driver
[    37.171] 	ABI class: X.Org XInput driver, version 24.1
[    37.171] (II) Using input driver 'libinput' for 'Power Button'
[    37.172] (II) systemd-logind: got fd for /dev/input/event0 13:64 fd 24 paused 0
[    37.172] (**) Power Button: always reports core events
[    37.172] (**) Option "Device" "/dev/input/event0"
[    37.173] (**) Option "_source" "server/udev"
[    37.173] (II) event0  - Power Button: is tagged by udev as: Keyboard
[    37.173] (II) event0  - Power Button: device is a keyboard
[    37.173] (II) event0  - Power Button: device removed
[    37.173] (**) Option "config_info" "udev:/sys/devices/LNXSYSTM:00/LNXPWRBN:00/input/input0/event0"
[    37.173] (II) XINPUT: Adding extended input device "Power Button" (type: KEYBOARD, id 6)
[    37.173] (**) Option "xkb_model" "pc105"
[    37.174] (**) Option "xkb_layout" "us"
[    37.174] (II) event0  - Power Button: is tagged by udev as: Keyboard
[    37.174] (II) event0  - Power Button: device is a keyboard
[    37.175] (II) config/udev: Adding input device Sleep Button (/dev/input/event1)
[    37.175] (**) Sleep Button: Applying InputClass "libinput keyboard catchall"
[    37.175] (II) Using input driver 'libinput' for 'Sleep Button'
[    37.176] (II) systemd-logind: got fd for /dev/input/event1 13:65 fd 27 paused 0
[    37.176] (**) Sleep Button: always reports core events
[    37.176] (**) Option "Device" "/dev/input/event1"
[    37.177] (**) Option "_source" "server/udev"
[    37.178] (II) event1  - Sleep Button: is tagged by udev as: Keyboard
[    37.178] (II) event1  - Sleep Button: device is a keyboard
[    37.178] (II) event1  - Sleep Button: device removed
[    37.178] (**) Option "config_info" "udev:/sys/devices/LNXSYSTM:00/LNXSLPBN:00/input/input1/event1"
[    37.179] (II) XINPUT: Adding extended input device "Sleep Button" (type: KEYBOARD, id 7)
[    37.179] (**) Option "xkb_model" "pc105"
[    37.179] (**) Option "xkb_layout" "us"
[    37.179] (II) event1  - Sleep Button: is tagged by udev as: Keyboard
[    37.179] (II) event1  - Sleep Button: device is a keyboard
[    37.182] (II) config/udev: Adding input device Video Bus (/dev/input/event3)
[    37.182] (**) Video Bus: Applying InputClass "libinput keyboard catchall"
[    37.183] (II) Using input driver 'libinput' for 'Video Bus'
[    37.188] (II) systemd-logind: got fd for /dev/input/event3 13:67 fd 28 paused 0
[    37.188] (**) Video Bus: always reports core events
[    37.188] (**) Option "Device" "/dev/input/event3"
[    37.188] (**) Option "_source" "server/udev"
[    37.189] (II) event3  - Video Bus: is tagged by udev as: Keyboard
[    37.189] (II) event3  - Video Bus: device is a keyboard
[    37.189] (II) event3  - Video Bus: device removed
[    37.189] (**) Option "config_info" "udev:/sys/devices/LNXSYSTM:00/LNXSYBUS:00/PNP0A03:00/LNXVIDEO:00/input/input4/event3"
[    37.189] (II) XINPUT: Adding extended input device "Video Bus" (type: KEYBOARD, id 8)
[    37.189] (**) Option "xkb_model" "pc105"
[    37.189] (**) Option "xkb_layout" "us"
[    37.190] (II) event3  - Video Bus: is tagged by udev as: Keyboard
[    37.190] (II) event3  - Video Bus: device is a keyboard
[    37.191] (II) config/udev: Adding input device VirtualBox mouse integration (/dev/input/event6)
[    37.191] (**) VirtualBox mouse integration: Applying InputClass "libinput pointer catchall"
[    37.191] (II) Using input driver 'libinput' for 'VirtualBox mouse integration'
[    37.193] (II) systemd-logind: got fd for /dev/input/event6 13:70 fd 29 paused 0
[    37.193] (**) VirtualBox mouse integration: always reports core events
[    37.193] (**) Option "Device" "/dev/input/event6"
[    37.193] (**) Option "_source" "server/udev"
[    37.194] (II) event6  - VirtualBox mouse integration: is tagged by udev as: Mouse
[    37.194] (II) event6  - VirtualBox mouse integration: device is a pointer
[    37.194] (II) event6  - VirtualBox mouse integration: device removed
[    37.194] (**) Option "config_info" "udev:/sys/devices/pci0000:00/0000:00:04.0/input/input7/event6"
[    37.194] (II) XINPUT: Adding extended input device "VirtualBox mouse integration" (type: MOUSE, id 9)
[    37.194] (**) Option "AccelerationScheme" "none"
[    37.194] (**) VirtualBox mouse integration: (accel) selected scheme none/0
[    37.194] (**) VirtualBox mouse integration: (accel) acceleration factor: 2.000
[    37.194] (**) VirtualBox mouse integration: (accel) acceleration threshold: 4
[    37.195] (II) event6  - VirtualBox mouse integration: is tagged by udev as: Mouse
[    37.195] (II) event6  - VirtualBox mouse integration: device is a pointer
[    37.195] (II) config/udev: Adding input device VirtualBox mouse integration (/dev/input/js1)
[    37.195] (II) No input driver specified, ignoring this device.
[    37.195] (II) This device may have been added with another device file.
[    37.196] (II) config/udev: Adding input device VirtualBox USB Tablet (/dev/input/event5)
[    37.196] (**) VirtualBox USB Tablet: Applying InputClass "libinput pointer catchall"
[    37.196] (II) Using input driver 'libinput' for 'VirtualBox USB Tablet'
[    37.258] (II) systemd-logind: got fd for /dev/input/event5 13:69 fd 30 paused 0
[    37.258] (**) VirtualBox USB Tablet: always reports core events
[    37.259] (**) Option "Device" "/dev/input/event5"
[    37.259] (**) Option "_source" "server/udev"
[    37.261] (II) event5  - VirtualBox USB Tablet: is tagged by udev as: Mouse
[    37.262] (II) event5  - VirtualBox USB Tablet: device is a pointer
[    37.262] (II) event5  - VirtualBox USB Tablet: device removed
[    37.262] (**) Option "config_info" "udev:/sys/devices/pci0000:00/0000:00:06.0/usb1/1-1/1-1:1.0/0003:80EE:0021.0001/input/input6/event5"
[    37.263] (II) XINPUT: Adding extended input device "VirtualBox USB Tablet" (type: MOUSE, id 10)
[    37.263] (**) Option "AccelerationScheme" "none"
[    37.263] (**) VirtualBox USB Tablet: (accel) selected scheme none/0
[    37.263] (**) VirtualBox USB Tablet: (accel) acceleration factor: 2.000
[    37.263] (**) VirtualBox USB Tablet: (accel) acceleration threshold: 4
[    37.264] (II) event5  - VirtualBox USB Tablet: is tagged by udev as: Mouse
[    37.264] (II) event5  - VirtualBox USB Tablet: device is a pointer
[    37.265] (II) config/udev: Adding input device VirtualBox USB Tablet (/dev/input/js0)
[    37.265] (II) No input driver specified, ignoring this device.
[    37.265] (II) This device may have been added with another device file.
[    37.266] (II) config/udev: Adding input device VirtualBox USB Tablet (/dev/input/mouse1)
[    37.266] (II) No input driver specified, ignoring this device.
[    37.266] (II) This device may have been added with another device file.
[    37.267] (II) config/udev: Adding input device AT Translated Set 2 keyboard (/dev/input/event2)
[    37.267] (**) AT Translated Set 2 keyboard: Applying InputClass "libinput keyboard catchall"
[    37.267] (II) Using input driver 'libinput' for 'AT Translated Set 2 keyboard'
[    37.268] (II) systemd-logind: got fd for /dev/input/event2 13:66 fd 31 paused 0
[    37.268] (**) AT Translated Set 2 keyboard: always reports core events
[    37.268] (**) Option "Device" "/dev/input/event2"
[    37.268] (**) Option "_source" "server/udev"
[    37.269] (II) event2  - AT Translated Set 2 keyboard: is tagged by udev as: Keyboard
[    37.269] (II) event2  - AT Translated Set 2 keyboard: device is a keyboard
[    37.269] (II) event2  - AT Translated Set 2 keyboard: device removed
[    37.269] (**) Option "config_info" "udev:/sys/devices/platform/i8042/serio0/input/input2/event2"
[    37.269] (II) XINPUT: Adding extended input device "AT Translated Set 2 keyboard" (type: KEYBOARD, id 11)
[    37.269] (**) Option "xkb_model" "pc105"
[    37.269] (**) Option "xkb_layout" "us"
[    37.270] (II) event2  - AT Translated Set 2 keyboard: is tagged by udev as: Keyboard
[    37.270] (II) event2  - AT Translated Set 2 keyboard: device is a keyboard
[    37.270] (II) config/udev: Adding input device ImExPS/2 Generic Explorer Mouse (/dev/input/event4)
[    37.270] (**) ImExPS/2 Generic Explorer Mouse: Applying InputClass "libinput pointer catchall"
[    37.270] (II) Using input driver 'libinput' for 'ImExPS/2 Generic Explorer Mouse'
[    37.272] (II) systemd-logind: got fd for /dev/input/event4 13:68 fd 32 paused 0
[    37.272] (**) ImExPS/2 Generic Explorer Mouse: always reports core events
[    37.272] (**) Option "Device" "/dev/input/event4"
[    37.272] (**) Option "_source" "server/udev"
[    37.272] (II) event4  - ImExPS/2 Generic Explorer Mouse: is tagged by udev as: Mouse
[    37.272] (II) event4  - ImExPS/2 Generic Explorer Mouse: device is a pointer
[    37.272] (II) event4  - ImExPS/2 Generic Explorer Mouse: device removed
[    37.273] (**) Option "config_info" "udev:/sys/devices/platform/i8042/serio1/input/input5/event4"
[    37.273] (II) XINPUT: Adding extended input device "ImExPS/2 Generic Explorer Mouse" (type: MOUSE, id 12)
[    37.273] (**) Option "AccelerationScheme" "none"
[    37.273] (**) ImExPS/2 Generic Explorer Mouse: (accel) selected scheme none/0
[    37.273] (**) ImExPS/2 Generic Explorer Mouse: (accel) acceleration factor: 2.000
[    37.273] (**) ImExPS/2 Generic Explorer Mouse: (accel) acceleration threshold: 4
[    37.273] (II) event4  - ImExPS/2 Generic Explorer Mouse: is tagged by udev as: Mouse
[    37.273] (II) event4  - ImExPS/2 Generic Explorer Mouse: device is a pointer
[    37.274] (II) config/udev: Adding input device ImExPS/2 Generic Explorer Mouse (/dev/input/mouse0)
[    37.274] (II) No input driver specified, ignoring this device.
[    37.274] (II) This device may have been added with another device file.
[  4535.221] (II) event6  - VirtualBox mouse integration: SYN_DROPPED event - some input events have been lost.
